[    0.000000] Linux version 4.15.0-51-generic (buildd@lgw01-amd64-059) (gcc version 7.3.0 (Ubuntu 7.3.0-16ubuntu3)) #55-Ubuntu SMP Wed May 15 14:27:21 UTC 2019 (Ubuntu 4.15.0-51.55-generic 4.15.18)
[    0.000000] Command line: BOOT_IMAGE=/boot/vmlinuz-4.15.0-51-generic root=LABEL=cloudimg-rootfs ro console=tty1 console=ttyS0
[    0.000000] KERNEL supported cpus:
[    0.000000]   Intel GenuineIntel
[    0.000000]   AMD AuthenticAMD
[    0.000000]   Centaur CentaurHauls
[    0.000000] x86/fpu: Supporting XSAVE feature 0x001: 'x87 floating point registers'
[    0.000000] x86/fpu: Supporting XSAVE feature 0x002: 'SSE registers'
[    0.000000] x86/fpu: Supporting XSAVE feature 0x004: 'AVX registers'
[    0.000000] x86/fpu: xstate_offset[2]:  576, xstate_sizes[2]:  256
[    0.000000] x86/fpu: Enabled xstate features 0x7, context size is 832 bytes, using 'standard' format.
[    0.000000] e820: BIOS-provided physical RAM map:
[    0.000000] BIOS-e820: [mem 0x0000000000000000-0x000000000009fbff] usable
[    0.000000] BIOS-e820: [mem 0x000000000009fc00-0x000000000009ffff] reserved
[    0.000000] BIOS-e820: [mem 0x00000000000f0000-0x00000000000fffff] reserved
[    0.000000] BIOS-e820: [mem 0x0000000000100000-0x00000000dffeffff] usable
[    0.000000] BIOS-e820: [mem 0x00000000dfff0000-0x00000000dfffffff] ACPI data
[    0.000000] BIOS-e820: [mem 0x00000000fec00000-0x00000000fec00fff] reserved
[    0.000000] BIOS-e820: [mem 0x00000000fee00000-0x00000000fee00fff] reserved
[    0.000000] BIOS-e820: [mem 0x00000000ff000-0x00000000ffffffff] reserved
[    0.000000] BIOS-e820: [mem 0x0000000100000000-0x000000011fffffff] usable
[    0.000000] NX (Execute Disable) protection: active
[    0.000000] SMBIOS 2.5 present.
[    0.000000] DMI: innotek GmbH VirtualBox/VirtualBox, BIOS VirtualBox 12/01/2006
[    0.000000] Hypervisor detected: KVM
[    0.000000] e820: last_pfn = 0x120000 max_arch_pfn = 0x400000000
[    0.000000] MTRR: Disabled
[    0.000000] x86/PAT: MTRRs disabled, skipping PAT initialization too.
[    0.000000] CPU MTRRs all blank - virtualized system.
[    0.000000] x86/PAT: Configuration [0-7]: WB  WT  UC- UC  WB  WT  UC- UC  
[    0.000000] e820: last_pfn = 0xdfff0 max_arch_pfn = 0x400000000
[    0.000000] found SMP MP-table at [mem 0x0009fff0-0x0009ffff] mapped at [        (ptrval)]
[    0.000000] Scanning 1 areas for low memory corruption
[    0.000000] RAMDISK: [mem 0x35add000-0x36d65fff]
[    0.000000] ACPI: Early table checksum verification disabled
[    0.000000] ACPI: RSDP 0x00000000000E0000 000024 (v02 VBOX  )
[    0.000000] ACPI: XSDT 0x00000000DFFF0030 00003C (v01 VBOX   VBOXXSDT 00000001 ASL  00000061)
[    0.000000] ACPI: FACP 0x00000000DFFF00F0 0000F4 (v04 VBOX   VBOXFACP 00000001 ASL  00000061)
[    0.000000] ACPI: DSDT 0x00000000DFFF0470 0021FF (v02 VBOX   VBOXBIOS 00000002 INTL 20180105)
[    0.000000] ACPI: FACS 0x00000000DFFF0200 000040
[    0.000000] ACPI: FACS 0x00000000DFFF0200 000040
[    0.000000] ACPI: APIC 0x00000000DFFF0240 00005C (v02 VBOX   VBOXAPIC 00000001 ASL  00000061)
[    0.000000] ACPI: SSDT 0x00000000DFFF02A0 0001CC (v01 VBOX   VBOXCPUT 00000002 INTL 20180105)
[    0.000000] No NUMA configuration found
[    0.000000] Faking a node at [mem 0x0000000000000000-0x000000011fffffff]
[    0.000000] NODE_DATA(0) allocated [mem 0x11ffd1000-0x11fffbfff]
[    0.000000] kvm-clock: cpu 0, msr 1:1ff50001, primary cpu clock
[    0.000000] kvm-clock: Using msrs 4b564d01 and 4b564d00
[    0.000000] kvm-clock: using sched offset of 3416361530 cycles
[    0.000000] clocksource: kvm-clock: mask: 0xffffffffffffffff max_cycles: 0x1cd42e4dffb, max_idle_ns: 881590591483 ns
[    0.000000] Zone ranges:
[    0.000000]   DMA      [mem 0x0000000000001000-0x0000000000ffffff]
[    0.000000]   DMA32    [mem 0x0000000001000000-0x00000000ffffffff]
[    0.000000]   Normal   [mem 0x0000000100000000-0x000000011fffffff]
[    0.000000]   Device   empty
[    0.000000] Movable zone start for each node
[    0.000000] Early memory node ranges
[    0.000000]   node   0: [mem 0x0000000000001000-0x000000000009efff]
[    0.000000]   node   0: [mem 0x0000000000100000-0x00000000dffeffff]
[    0.000000]   node   0: [mem 0x0000000100000000-0x000000011fffffff]
[    0.000000] Reserved but unavailable: 114 pages
[    0.000000] Initmem setup node 0 [mem 0x0000000000001000-0x000000011fffffff]
[    0.000000] ACPI: PM-Timer IO Port: 0x4008
[    0.000000] IOAPIC[0]: apic_id 2, version 32, address 0xfec00000, GSI 0-23
[    0.000000] ACPI: INT_SRC_OVR (bus 0 bus_irq 0 global_irq 2 dfl dfl)
[    0.000000] ACPI: INT_SRC_OVR (bus 0 bus_irq 9 global_irq 9 low level)
[    0.000000] Using ACPI (MADT) for SMP configuration information
[    0.000000] smpboot: Allowing 2 CPUs, 0 hotplug CPUs
[    0.000000] PM: Registered nosave memory: [mem 0x00000000-0x00000fff]
[    0.000000] PM: Registered nosave memory: [mem 0x0009f000-0x0009ffff]
[    0.000000] PM: Registered nosave memory: [mem 0x000a0000-0x000effff]
[    0.000000] PM: Registered nosave memory: [mem 0x000f0000-0x000fffff]
[    0.000000] PM: Registered nosave memory: [mem 0xdfff0000-0xdfffffff]
[    0.000000] PM: Registered nosave memory: [mem 0xe0000000-0xfebfffff]
[    0.000000] PM: Registered nosave memory: [mem 0xfec00000-0xfec00fff]
[    0.000000] PM: Registered nosave memory: [mem 0xfec01000-0xfedfffff]
[    0.000000] PM: Registered nosave mmory: [mem 0xfee00000-0xfee00fff]
[    0.000000] PM: Registered nosave memory: [mem 0xfee01000-0xfffbffff]
[    0.000000] PM: Registered nosave memory: [mem 0xfffc0000-0xffffffff]
[    0.000000] e820: [mem 0xe0000000-0xfebfffff] available for PCI devices
[    0.000000] Booting paravirtualized kernel on KVM
[    0.000000] clocksource: refined-jiffies: mask: 0xffffffff max_cycles: 0xffffffff, max_idle_ns: 7645519600211568 ns
[    0.000000] random: get_random_bytes called from start_kernel+0x99/0x4fd with crng_init=0
[    0.000000] setup_percpu: NR_CPUS:8192 nr_cpumask_bits:2 nr_cpu_ids:2 nr_node_ids:1
[    0.000000] percpu: Embedded 46 pages/cpu @        (ptrval) s151552 r8192 d28672 u1048576
[    0.000000] PV qspinlock hash table entries: 256 (order: 0, 4096 bytes)
[    0.000000] Built 1 zonelists, mobility grouping on.  Total pages: 1032057
[    0.000000] Policy zone: Normal
[    0.000000] Kernel command line: BOOT_IMAGE=/boot/vmlinuz-4.15.0-51-generic root=LABEL=cloudimg-rootfs ro console=tty1 console=ttyS0
[    0.000000] Memory: 4014212K/4193848K available (12300K kernel code, 2473K rwdata, 4272K rodata, 2408K init, 2416K bss, 179636K reserved, 0K cma-reserved)
[    0.000000] SLUB: HWalign=64, Order=0-3, MinObjects=0, CPUs=2, Nodes=1
[    0.000000] Kernel/User page tables isolation: enabled
[    0.000000] ftrace: allocating 39215 entries in 154 pages
[    0.004000] Hierarchical RCU implementation.
[    0.004000] 	RCU restricting CPUs from NR_CPUS=8192 to nr_cpu_ids=2.
[    0.004000] 	Tasks RCU enabled.
[    0.004000] RCU: Adjusting geometry for rcu_fanout_leaf=16, nr_cpu_ids=2
[    0.004000] NR_IRQS: 524544, nr_irqs: 440, preallocated irqs: 16
[    0.004000] Console: colour VGA+ 80x25
[    0.004000] console [tty1] enabled
[    0.004000] console [ttyS0] enabled
[    0.004000] ACPI: Core revision 20170831
[    0.004000] ACPI: 2 ACPI AML tables successfully acquired and loaded
[    0.004000] APIC: Switch to symmetric I/O mode setup
[    0.004000] x2apic enabled
[    0.004000] Switched APIC routing to physical x2apic.
[    0.004000] ..TIMER: vector=0x30 apic1=0 pin1=2 apic2=-1 pin2=-1
[    0.004000] tsc: Detected 1799.999 MHz processor
[    0.004010] Calibrating delay loop (skipped) preset value.. 3599.99 BogoMIPS (lpj=7199996)
[    0.005062] pid_max: default: 32768 minimum: 301
[    0.005686] Security Framework initialized
[    0.006225] Yama: becoming mindful.
[    0.006720] AppArmor: AppArmor initialized
[    0.008665] Dentry cache hash table entries: 524288 (order: 10, 4194304 bytes)
[    0.010201] Inode-cache hash table entries: 262144 (order: 9, 2097152 bytes)
[    0.012028] Mount-cache hash table entries: 8192 (order: 4, 65536 bytes)
[    0.016015] Mountpoint-cache hash table entries: 8192 (order: 4, 65536 bytes)
[    0.017089] mce: CPU supports 0 MCE banks
[    0.017627] Last level iTLB entries: 4KB 64, 2MB 8, 4MB 8
[    0.018297] Last level dTLB entries: 4KB 64, 2MB 0, 4MB 0, 1GB 4
[    0.019044] Spectre V2 : Mitigation: Full generic retpoline
[    0.020001] Spectre V2 : Spectre v2 / SpectreRSB mitigation: Filling RSB on context switch
[    0.021047] Speculative Store Bypass: Vulnerable
[    0.021682] MDS: Vulnerable: Clear CPU buffers attempted, no microcode
[    0.022553] Freeing SMP alternatives memory: 36K
[    0.028000] smpboot: CPU0: Intel(R) Core(TM) i5-8250U CPU @ 1.60GHz (family: 0x6, model: 0x8e, stepping: 0xa)
[    0.028078] Performance Events: unsupported p6 CPU model 142 no PMU driver, software events only.
[    0.029330] Hierarchical SRCU implementation.
[    0.030459] NMI watchdog: Perf event create on CPU 0 failed with -2
[    0.032004] NMI watchdog: Perf NMI watchdog permanently disabled
[    0.032883] smp: Bringing up secondary CPUs ...
[    0.034109] x86: Booting SMP configuration:
[    0.034685] .... node  #0, CPUs:      #1
[    0.004000] kvm-clock: cpu 1, msr 1:1ff50041, secondary cpu clock
[    0.004000] mce: CPU supports 0 MCE banks
[    0.038566] smp: Brought up 1 node, 2 CPUs
[    0.038566] smpboot: Max logical packages: 1
[    0.038566] smpboot: Total of 2 processors activated (7199.99 BogoMIPS)
[    0.040170] devtmpfs: initialized
[    0.044071] x86/mm: Memory block size: 128MB
[    0.048288] evm: security.selinux
[    0.048759] evm: security.SMACK64
[    0.052005] evm: security.SMACK64EXEC
[    0.056002] evm: security.SMACK64TRANSMUTE
[    0.056668] evm: security.SMACK64MMAP
[    0.057275] evm: security.apparmor
[    0.058902] evm: security.ima
[    0.060002] evm: security.capability
[    0.064110] clocksource: jiffies: mask: 0xffffffff max_cycles: 0xffffffff, max_idle_ns: 7645041785100000 ns
[    0.068008] futex hash table entries: 512 (order: 3, 32768 bytes)
[    0.069960] pinctrl core: initialized pinctrl subsystem
[    0.072102] RTC time: 15:04:01, date: 06/12/19
[    0.072801] NET: Registered protocol family 16
[    0.073435] audit: initializing netlink subsys (disabled)
[    0.074132] audit: type=2000 audit(1560351845.953:1): state=initialized audit_enabled=0 res=1
[    0.074132] cpuidle: using governor ladder
[    0.076006] cpuidle: using governor menu
[    0.076561] ACPI: bus type PCI registered
[    0.077088] acpiphp: ACPI Hot Plug PCI Controller Driver version: 0.5
[    0.077986] PCI: Using configuration type 1 for base access
[    0.080032] HugeTLB registered 2.00 MiB page size, pre-allocated 0 pages
[    0.080865] ACPI: Added _OSI(Module Device)
[    0.080865] ACPI: Added _OSI(Processor Device)
[    0.081247] ACPI: Added _OSI(3.0 _SCP Extensions)
[    0.081886] ACPI: Added _OSI(Processor Aggregator Device)
[    0.084005] ACPI: Added _OSI(Linux-Dell-Video)
[    0.084596] ACPI: Added _OSI(Linux-Lenovo-NV-HDMI-Audio)
[    0.085276] ACPI: Added _OSI(Linux-HPI-Hybrid-Graphics)
[    0.088235] ACPI: Executed 1 blocks of module-level executable AML code
[    0.092446] ACPI: Interpreter enabled
[    0.096023] ACPI: (supports S0 S5)
[    0.096487] ACPI: Using IOAPIC for interrupt routing
[    0.097331] PCI: Using host bridge windows from ACPI; if necessary, use "pci=nocrs" and report a bug
[    0.098657] ACPI: Enabled 2 GPEs in block 00 to 07
[    0.104198] ACPI: PCI Root Bridge [PCI0] (domain 0000 [bus 00-ff])
[    0.108008] acpi PNP0A03:00: _OSC: OS supports [ASPM ClockPM Segments MSI]
[    0.112032] acpi PNP0A03:00: _OSC: not requesting OS control; OS requires [ExtendedConfig ASPM ClockPM MSI]
[    0.113243] acpi PNP0A03:00: fail to add MMCONFIG information, can't access extended PCI configuration space under this bridge.
[    0.115437] PCI host bridge to bus 0000:00
[    0.116004] pci_bus 0000:00: root bus resource [io  0x0000-0x0cf7 window]
[    0.116831] pci_bus 0000:00: root bus resource [io  0x0d00-0xffff window]
[    0.117667] pci_bus 0000:00: root bus resource [mem 0x000a0000-0x000bffff window]
[    0.118620] pci_bus 0000:00: root bus resource [mem 0xe0000000-0xfdffffff window]
[    0.119623] pci_bus 0000:00: root bus resource [bus 00-ff]
[    0.121400] pci 0000:00:01.1: legacy IDE quirk: reg 0x10: [io  0x01f0-0x01f7]
[    0.122276] pci 0000:00:01.1: legacy IDE quirk: reg 0x14: [io  0x03f6]
[    0.123078] pci 0000:00:01.1: legacy IDE quirk: reg 0x18: [io  0x0170-0x0177]
[    0.124003] pci 0000:00:01.1: legacy IDE quirk: reg 0x1c: [io  0x0376]
[    0.160014] pci 0000:00:07.0: quirk: [io  0x4000-0x403f] claimed by PIIX4 ACPI
[    0.164017] pci 0000:00:07.0: quirk: [io  0x4100-0x410f] claimed by PIIX4 SMB
[    0.188068] ACPI: PCI Interrupt Link [LNKA] (IRQs 5 9 10 *11)
[    0.192273] ACPI: PCI Interrupt Link [LNKB] (IRQs 5 9 *10 11)
[    0.193335] ACPI: PCI Interrupt Link [LNKC] (IRQs 5 *9 10 11)
[    0.196113] ACPI: PCI Interrupt Link [LNKD] (IRQs 5 9 10 *11)
[    0.197427] SCSI subsystem initialized
[    0.198134] pci 0000:00:02.0: vgaarb: setting as boot VGA device
[    0.198134] pci 0000:00:02.0: vgaarb: VGA device added: decodes=io+mem,owns=io+mem,locks=none
[    0.200009] pci 0000:00:02.0: vgaarb: bridge control possible
[    0.200975] vgaarb: loaded
[    0.201500] ACPI: bus type USB registered
[    0.202220] usbcore: registered new interface driver usbfs
[    0.204009] usbcore: registered new interface driver hub
[    0.204922] usbcore: registered new device driver usb
[    0.205827] EDAC MC: Ver: 3.0.0
[    0.205827] PCI: Using ACPI for IRQ routing
[    0.208242] NetLabel: Initializing
[    0.212004] NetLabel:  domain hash size = 128
[    0.212587] NetLabel:  protocols = UNLABELED CIPSOv4 CALIPSO
[    0.213315] NetLabel:  unlabeled traffic allowed by default
[    0.214040] clocksource: Switched to clocksource kvm-clock
[    0.221662] VFS: Disk quotas dquot_6.6.0
[    0.295794] VFS: Dquot-cache hash table entries: 512 (order 0, 4096 bytes)
[    0.296758] AppArmor: AppArmor Filesystem Enabled
[    0.297387] pnp: PnP ACPI init
[    0.298577] pnp: PnP ACPI: found 3 devices
[    0.307375] clocksource: acpi_pm: mask: 0xffffff max_cycles: 0xffffff, max_idle_ns: 2085701024 ns
[    0.308581] NET: Registered protocol family 2
[    0.309314] TCP established hash table entries: 32768 (order: 6, 262144 bytes)
[    0.310269] TCP bind hash table entries: 32768 (order: 7, 524288 bytes)
[    0.311111] TCP: Hash tables configured (established 32768 bind 32768)
[    0.311940] UDP hash table entries: 2048 (order: 4, 65536 bytes)
[    0.312729] UDP-Lite hash table entries: 2048 (order: 4, 65536 bytes)
[    0.313544] NET: Registered protocol family 1
[    0.314117] pci 0000:00:00.0: Limiting direct PCI/PCI transfers
[    0.314866] pci 0000:00:01.0: Activating ISA DMA hang workarounds
[    0.315650] pci 0000:00:02.0: Video device with shadowed ROM at [mem 0x000c0000-0x000dffff]
[    0.316778] Unpacking initramfs...
[    0.544898] Freeing initrd memory: 18980K
[    0.552662] PCI-DMA: Using software bounce buffering for IO (SWIOTLB)
[    0.553462] software IO TLB [mem 0xdbff0000-0xdfff0000] (64MB) mapped at [        (ptrval)-        (ptrval)]
[    0.554698] clocksource: tsc: mask: 0xffffffffffffffff max_cycles: 0x19f228ab7a2, max_idle_ns: 440795289252 ns
[    0.555973] platform rtc_cmos: registered platform RTC device (no PNP device found)
[    0.556991] Scanning for low memory corruption every 60 seconds
[    0.558233] Initialise system trusted keyrings
[    0.558827] Key type blacklist registered
[    0.559430] workingset: timestamp_bits=36 max_order=20 bucket_order=0
[    0.561040] zbud: loaded
[    0.562224] squashfs: version 4.0 (2009/01/31) Phillip Lougher
[    0.563166] fuse init (API version 7.26)
[    0.565454] Key type asymmetric registered
[    0.566011] Asymmetric key parser 'x509' registered
[    0.566660] Block layer SCSI generic (bsg) driver version 0.4 loaded (major 246)
[    0.567674] io scheduler noop registered
[    0.568233] io scheduler deadline registered
[    0.568817] io scheduler cfq registered (default)
[    0.569688] ACPI: AC Adapter [AC] (on-line)
[    0.575622] input: Power Button as /devices/LNXSYSTM:00/LNXPWRBN:00/input/input0
[    0.576710] ACPI: Power Button [PWRF]
[    0.577258] input: Sleep Button as /devices/LNXSYSTM:00/LNXSLPBN:00/input/input1
[    0.578222] ACPI: Sleep Button [SLPF]
[    0.579563] ACPI: Battery Slot [BAT0] (battery present)
[    0.5802]erl:25160 iv, 32 ports, IRQ sharing enabled

[    0.601843] 00:02: ttyS0 at I/O 0x3f8 (irq = 4, base_baud = 115200) is a 16550A
[    0.972686] Linux agpgart interface v0.103
[    0.974868] loop: module loaded
[    0.975941] scsi host0: ata_piix
[    0.994984] scsi host1: ata_piix
[    0.995564] ata1: PATA max UDMA/33 cmd 0x1f0 ctl 0x3f6 bmdma 0xd000 irq 14
[    1.164575] ata2: PATA max UDMA/33 cmd 0x170 ctl 0x376 bmdma 0xd008 irq 15
[    1.356926] libphy: Fixed MDIO Bus: probed
[    1.408704] tun: Universal TUN/TAP device driver, 1.6
[    1.409396] PPP generic driver version 2.4.2
[    1.409996] ehci_hcd: USB 2.0 'Enhanced' Host Controller (EHCI) Driver
[    1.410799] ehci-pci: EHCI PCI platform driver
[    1.411387] ehci-platform: EHCI generic platform driver
[    1.412068] ohci_hcd: USB 1.1 'Open' Host Controller (OHCI) Driver
[    1.412859] ohci-pci: OHCI PCI platform driver
[    1.413441] ohci-platform: OHCI generic platform driver
[    1.414102] uhci_hcd: USB Universal Host Controller Interface driver
[    1.414939] i8042: PNP: PS/2 Controller [PNP0303:PS2K,PNP0f03:PS2M] at 0x60,0x64 irq 1,12
[    1.416409] serio: i8042 KBD port at 0x60,0x64 irq 1
[    1.417065] serio: i8042 AUX port at 0x60,0x64 irq 12
[    1.417765] mousedev: PS/2 mouse device common for all mice
[    1.418657] input: AT Translated Set 2 keyboard as /devices/platform/i8042/serio0/input/input2
[    1.420062] rtc_cmos rtc_cmos: rtc core: registered rtc_cmos as rtc0
[    1.420908] rtc_cmos rtc_cmos: alarms up to one day, 114 bytes nvram
[    1.421692] i2c /dev entries driver
[    1.422202] device-mapper: uevent: version 1.0.3
[    1.422837] device-mapper: ioctl: 4.37.0-ioctl (2017-09-20) initialised: dm-devel@redhat.com
[    1.423981] ledtrig-cpu: registered to indicate activity on CPUs
[    1.425136] NET: Registered protocol family 10
[    1.428620] Segment Routing with IPv6
[    1.430051] NET: Registered protocol family 17
[    1.431629] Key type dns_resolver registered
[    1.432612] RAS: Correctable Errors collector initialized.
[    1.433320] sched_clock: Marking stable (1432548408, 0)->(2606704610, -1174156202)
[    1.434524] registered taskstats version 1
[    1.435073] Loading compiled-in X.509 certificates
[    1.637115] Loaded X.509 cert 'Build time autogenerated kernel key: c1fa4cde9d34780ae4ae655b856adc042b663c06'
[    1.705500] zswap: loaded using pool lzo/zbud
[    1.709230] Kyyttpp  big_key registered
[    2.034666] Key type trusted registered
[    2.037101] Key type encrypted registered
[    2.264494] AppArmor: AppArmor sha1 policy hashing enabled
[    2.265220] ima: No TPM chip found, activating TPM-bypass! (rc=-19)
[    2.444703] ima: Allocated hash algorithm: sha1
[    2.445505] evm: HMAC attrs: 0x1
[    2.446302]   Magic number: 7:6:83
[    2.447007] rtc_cmos rtc_cmos: setting system clock to 2019-06-12 15:04:04 UTC (1560351844)
[    2.448538] BIOS EDD facility v0.16 2004-Jun-25, 0 devices found
[    2.449557] EDD information not available.
[    2.452322] Freeing unused kernel image memory: 2408K
[    2.472505] Write protecting the kernel read-only data: 20480k
[    2.861262] Freeing unused kernel image memory: 2008K
[    3.044941] Freeing unused kernel image memory: 1872K
[    3.050423] x86/mm: Checked W+X mappings: passed, no W+X pages found.
[    3.065376] x86/mm: Checking user space page tables
[    3.070918] x86/mm: Checked W+X mappings: passed, no W+X pages found.
Loading, please wait...
starting version 237
[    3.148212] Fusion MPT base driver 3.04.20
[    3.148944] Copyright (c) 1999-2008 LSI Corporation
[    3.172095] e1000: Intel(R) PRO/1000 Network Driver - version 7.3.21-k8-NAPI
[    3.185151] e1000: Copyright (c) 1999-2006 Intel Corporation.
[    3.186092] Fusion MPT SPI Host driver 3.04.20
[    3.189422] AVX2 version of gcm_enc/dec engaged.
[    3.190079] AES CTR mode by8 optimization enabled
[    3.204505] mptbase: ioc0: Initiating bringup
[    3.300806] ioc0: LSI53C1030 A0: Capabilities={Initiator}
[    3.357639] input: ImExPS/2 Generic Explorer Mouse as /devices/platform/i8042/serio1/input/input4
[    4.449087] scsi host2: ioc0: LSI53C1030 A0, FwRev=00000000h, Ports=1, MaxQ=256, IRQ=20
[    4.865445] scsi 2:0:0:0: Direct-Access     VBOX     HARDDISK         1.0  PQ: 0 ANSI: 5
[    5.194375] scsi target2:0:0: Beginning Domain Validation
[    5.196092] scsi target2:0:0: Domain Validation skipping write tests
[    5.197190] scsi target2:0:0: Ending Domain Validation
[    5.198117] scsi target2:0:0: asynchronous
[    5.199124] scsi 2:0:1:0: Direct-Access     VBOX     HARDDISK         1.0  PQ: 0 ANSI: 5
[    5.235105] e1000 0000:00:03.0 eth0: (PCI:33MHz:32-bit) 02:06:b1:f3:7b:7f
[    5.236044] e1000 0000:00:03.0 eth0: Intel(R) PRO/1000 Network Connection
[    5.240081] scsi target2:0:1: Beginning Domain Validation
[    5.245726] random: fast init done
[    5.246309] scsi target2:0:1: Domain Validation skipping write tests
[    5.247161] scsi target2:0:1: Ending Domain Validation
[    5.248101] scsi target2:0:1: asynchronous
[    5.251222] sd 2:0:0:0: Attached scsi generic sg0 type 0
[    5.251251] random: systemd-udevd: uninitialized urandom read (16 bytes read)
[    5.251265] random: systemd-udevd: uninitialized urandom read (16 bytes read)
[    5.251268] random: systemd-udevd: uninitialized urandom read (16 bytes read)
[    5.257631] sd 2:0:0:0: [sda] 20971520 512-byte logical blocks: (10.7 GB/10.0 GiB)
[    5.259051] sd 2:0:1:0: Attached scsi generic sg1 type 0
[    5.259056] sd 2:0:0:0: [sda] Write Protect is off
[    5.260507] sd 2:0:0:0: [sda] Incomplete mode parameter data
[    5.534680] sd 2:0:0:0: [sda] Assuming drive cache: write through
[    5.534756] sd 2:0:1:0: [sdb] 20480 512-byte logical blocks: (10.5 MB/10.0 MiB)
[    5.536582] sd 2:0:1:0: [sdb] Write Protect is off
[    5.537357] sd 2:0:1:0: [sdb] Incomplete mode parameter data
[    5.538132] sd 2:0:1:0: [sdb] Assuming drive cache: write through
[    5.540154]  sda: sda1
[    5.541248] sd 2:0:1:0: [sdb] Attached SCSI disk
[    5.541957] sd 2:0:0:0: [sda] Attached SCSI disk
[    5.864658] e1000 0000:00:08.0 eth1: (PCI:33MHz:32-bit) 08:00:27:55:6d:8d
[    6.264822] e1000 0000:00:08.0 eth1: Intel(R) PRO/1000 Network Connection
[    6.266621] e1000 0000:00:08.0 enp0s8: renamed from eth1
[    6.290396] e1000 0000:00:03.0 enp0s3: renamed from eth0
Begin: Loading essential drivers ... [    7.684032] raid6: sse2x1   gen() 11801 MB/s
[    7.860063] raid6: sse2x1   xor()  8579 MB/s
[    7.936064] raid6: sse2x2   gen() 14537 MB/s
[    8.068011] raid6: sse2x2   xor()  9761 MB/s
[    8.116065] raid6: sse2x4   gen() 16799 MB/s
[    8.164060] raid6: sse2x4   xor() 10160 MB/s
[    8.284059] raid6: avx2x1   gen() 23860 MB/s
[    8.336024] raid6: avx2x1   xor() 16475 MB/s
[    8.384058] raid6: avx2x2   gen() 29037 MB/s
[    8.432042] raid6: avx2x2   xor() 14730 MB/s
[    8.488036] raid6: avx2x4   gen() 31759 MB/s
[    8.588014] raid6: avx2x4   xor() 19692 MB/s
[    8.689409] raid6: using algorithm avx2x4 gen() 31759 MB/s
[    8.690117] raid6: .... xor() 19692 MB/s, rmw enabled
[    8.690756] raid6: using avx2x2 recovery algorithm
[    8.692578] xor: automatically using best checksumming function   avx       
[    8.694626] async_tx: api initialized (async)
done.
Begin: Running[    8.734809] Btrfs loaded, crc32c=crc32c-intel
 /scripts/init-premount ... done[    9.057944] EXT4-fs (sda1): mounted filesystem with ordered data mode. Opts: (null)
.
Begin: Mounting root file system ... Begin: Running /scripts/local-top ... done.
Begin: Running /scripts/local-premount ... Scanning for Btrfs filesystems
done.
Warning: fsck not present, so skipping root file system
done.
Begin: Running /scripts/local-bottom ... done.
Begin: Running /scripts/init-bottom ... done.
[    9.229660] ip_tables: (C) 2000-2006 Netfilter Core Team
[    9.431421] systemd[1]: systemd 237 running in system mode. (+PAM +AUDIT +SELINUX +IMA +APPARMOR +SMACK +SYSVINIT +UTMP +LIBCRYPTSETUP +GCRYPT +GNUTLS +ACL +XZ +LZ4 +SECCOMP +BLKID +ELFUTILS +KMOD -IDN2 +IDN -PCRE2 default-hierarchy=hybrid)
[    9.434133] systemd[1]: Detected virtualization oracle.
[    9.434827] systemd[1]: Detected architecture x86-64.

Welcome to [1mUbuntu 18.04.2 LTS[0m!

[    9.476616] systemd[1]: Set hostname to <ubuntu>.
[    9.767927] systemd[1]: Initializing machine ID from random generator.
[    9.768804] systemd[1]: Installed transient /etc/machine-id file.
[    9.976961] systemd[1]: Set up automount Arbitrary Executable File Formats File System Automount Point.
[[0;32m  OK  [0m] Set up automount Arbitrary Executab…rmats File System Automount Point.
[   10.052834] systemd[1]: Created slice User and Session Slice.
[[0;32m  OK  [0m] Created slice User and Session Slice.
[   10.054464] systemd[1]: Reached target Swap.
[[0;32m  OK  [0m] Reached target Swap.
[   10.055652] systemd[1]: Reached target User and Group Name Lookups.
[[0;32m  OK  [0m] Reached target User and Group Name Lookups.
[[0;32m  OK  [0m] Reached target System Time Synchronized.
[[0;32m  OK  [0m] Created slice System Slice.
[[0;32m  OK  [0m] Listening on udev Control Socket.
[[0;32m  OK  [0m] Reached target Slices.
[[0;32m  OK  [0m] Listening on udev Kernel Socket.
[[0;32m  OK  [0m] Listening on Journal Socket (/dev/log).
[[0;32m  OK  [0m] Listening on LVM2 poll daemon socket.
[[0;32m  OK  [0m] Listening on Network Service Netlink Socket.
[[0;32m  OK  [0m] Listening on /dev/initctl Compatibility Named Pipe.
[[0;32m  OK  [0m] Listening on Journal Audit Socket.
[[0;32m  OK  [0m] Listening on Journal Socket.
         Mounting Huge Pages File System...
         Starting Create list of required st…ce nodes for the current kernel...
         Mounting Kernel Debug File System...
         Starting udev Coldplug all Devices...
         Starting Load Kernel Modules...
         Starting Uncomplicated firewall...
         Mounting POSIX Message Queue File System...
[[0;32m  OK  [0m] Created slice system-serial\x2dgetty.slice.
         Starting Set the console keyboard layout...
[[0;32m  OK  [0m] Listening on Device-mapper event daemon FIFOs.
         Starting Remount Root and Kernel File Systems...
[[0;32m  OK  [0m] Listening on LVM2 metadata daemon socket.
         Starting Monitoring of LVM2 mirr[   10.110275] Loading iSCSI transport class v2.0-870.
ors…ng dmeventd or progress polling...
[[0;32m  OK  [0m] Started Forward Password Requests to Wall Directory Watch.
[[0;32m  OK  [0m] Listening on Syslog Socket.
         Starting Journal Service...
[[0;32m  OK  [0m] Started Create list of required sta…vice nodes for the current kernel.
[[0;32m  OK  [0m] Started Uncomplicated firewall.
         Starting Create Static Device Nodes in /dev...
[   10.258374] iscsi: registered transport (tcp)
[[0;32m  OK  [0m] Started udev Coldplug all Devices.
[[0;32m  OK  [0m] Started Journal Service.
[[0;32m  OK  [0m] Started Create Static Device Nodes in /dev.
[   10.429879] iscsi: registered transport (iser)
[[0;32m  OK  [0m] Started Load Kernel Modules.
         Mounting FUSE Control File System...
         Mounting Kernel Configuration File System...
         Starting Apply Kernel Variables...
[[0;32m  OK  [0m] Started Apply Kernel Variables.
[[0;32m  OK  [0m] Mounted Huge Pages File System.
[[0;32m  OK  [0m] Mounted Kernel Debug File System.
[[0;32m  OK  [0m] Mounted POSIX Message Queue File System.
[[0;32m  OK  [0m] Started Set the console keyboard layout.
[[0;32m  OK  [0m] Started Remount Root and Kernel File Systems.
[[0;32m  OK  [0m] Mounted FUSE Control File System.
[[0;32m  OK  [0m] Mounted Kernel Configuration File System.
[[0;32m  OK  [0m] Started LVM2 metadata daemon.
         Starting Flush Journal to Persistent Storage...
         Starting udev Kernel Device Manager...
         Starting Load/Save Random Seed...
[[0;32m  OK  [0m] Started Monitoring of LVM2 mirrors,…sing dmeventd or progress polling.
[[0;32m  OK  [0m] Started udev Kernel Device Manager.
[[0;32m  OK  [0m] Started Dispatch Password Requests to Console Directory Watch.
[[0;32m  OK  [0m] Reached target Local Encrypted Volumes.
[[0;32m  OK  [0m] Reached target Local File Systems (Pre).
[[0;32m  OK  [0m] Reached target Local File Systems.
         Starting Set console font and keymap...
         Starting AppArmor initialization...
         Starting Commit a transient machine-id on disk...
         Starting Tell Plymouth To Write Out Runtime Data...
         Starting ebtables ruleset management...
[[0;32m  OK  [0m] Started Load/Save Random Seed.
[[0;32m  OK  [0m] Started Set console font and keymap.
[[0;32m  OK  [0m] Started Commit a transient machine-id on disk.
[[0;32m  OK  [0m] Started Tell Plymouth To Write Out Runtime Data.
[[0;32m  OK  [0m] Found device /dev/ttyS0.
[[0;32m  OK  [0m] Started Flush Journal to Persistent Storage.
[[0;32m  OK  [0m] Started ebtables ruleset management.
[[0;32m  OK  [0m] Listening on Load/Save RF Kill Switch Status /dev/rfkill Watch.
         Starting Create Volatile Files and Directories...
[[0;32m  OK  [0m] Started Create Volatile Files and Directories.
         Starting Update UTMP about System Boot/Shutdown...
[[0;32m  OK  [0m] Started Update UTMP about System Boot/Shutdown.
[[0;32m  OK  [0m] Started AppArmor initialization.
         Starting Initial cloud-init job (pre-networking)...
[   12.464993] cloud-init[537]: Cloud-init v. 19.1-1-gbaa47854-0ubuntu1~18.04.1 running 'init-local' at Wed, 12 Jun 2019 15:04:14 +0000. Up 12.13 seconds.
[[0;32m  OK  [0m] Started Initial cloud-init job (pre-networking).
[[0;32m  OK  [0m] Reached target Network (Pre).
         Starting Network Service...
[[0;32m  OK  [0m] Started Network Service.
         Starting Network Name Resolution...
         Starting Wait for Network to be Configured...
[[0;32m  OK  [0m] Started Network Name Resolution.
[[0;32m  OK  [0m] Reached target Host and Network Name Lookups.
[[0;32m  OK  [0m] Reached target Network.
[[0;32m  OK  [0m] Started Wait for Network to be Configured.
         Starting Initial cloud-init job (metadata service crawler)...
[   14.392443] cloud-init[651]: Cloud-init v. 19.1-1-gbaa47854-0ubuntu1~18.04.1 running 'init' at Wed, 12 Jun 2019 15:04:16 +0000. Up 14.27 seconds.
[   14.443975] cloud-init[651]: ci-info: ++++++++++++++++++++++++++++++++++++++Net device info++++++++++++++++++++++++++++++++++++++
[   14.445135] cloud-init[651]: ci-info: +--------+-------+---------------------------+---------------+--------+-------------------+
[   14.446213] cloud-init[651]: ci-info: | Device |   Up  |          Address          |      Mask     | Scope  |     Hw-Address    |
[   14.447276] cloud-init[651]: ci-info: +--------+-------+---------------------------+---------------+--------+-------------------+
[   14.448352] cloud-init[651]: ci-info: | enp0s3 |  True |         10.0.2.15         | 255.255.255.0 | global | 02:06:b1:f3:7b:7f |
[   14.449410] cloud-init[651]: ci-info: | enp0s3 |  True | fe80::6:b1ff:fef3:7b7f/64 |       .       |  link  | 02:06:b1:f3:7b:7f |
[   14.450480] cloud-init[651]: ci-info: | enp0s8 | False |             .             |       .       |   .    | 08:00:27:55:6d:8d |
[   14.451533] cloud-init[651]: ci-info: |   lo   |  True |         127.0.0.1         |   255.0.0.0   |  host  |         .         |
[   14.452610] cloud-init[651]: ci-info: |   lo   |  True |          ::1/128          |       .       |  host  |         .         |
[   14.453690] cloud-init[651]: ci-info: +--------+-------+---------------------------+---------------+--------+-------------------+
[   14.454749] cloud-init[651]: ci-info: ++++++++++++++++++++++++++++Route IPv4 info+++++++++++++++++++++++++++++
[   14.455952] cloud-init[651]: ci-info: +-------+-------------+----------+-----------------+-----------+-------+
[   14.457167] cloud-init[651]: ci-info: | Route | Destination | Gateway  |     Genmask     | Interface | Flags |
[   14.458344] cloud-init[651]: ci-info: +-------+-------------+----------+-----------------+-----------+-------+
[   14.459578] cloud-init[651]: ci-info: |   0   |   0.0.0.0   | 10.0.2.2 |     0.0.0.0     |   enp0s3  |   UG  |
[   14.460805] cloud-init[651]: ci-info: |   1   |   10.0.2.0  | 0.0.0.0  |  255.255.255.0  |   enp0s3  |   U   |
[   14.461998] cloud-init[651]: ci-info: |   2   |   10.0.2.2  | 0.0.0.0  | 255.255.255.255 |   enp0s3  |   UH  |
[   14.463186] cloud-init[651]: ci-info: +-------+-------------+----------+-----------------+-----------+-------+
[   14.464405] cloud-init[651]: ci-info: +++++++++++++++++++Route IPv6 info+++++++++++++++++++
[   14.465390] cloud-init[651]: ci-info: +-------+-------------+---------+-----------+-------+
[   14.466358] cloud-init[651]: ci-info: | Route | Destination | Gateway | Interface | Flags |
[   14.467132] cloud-init[651]: ci-info: +-------+-------------+---------+-----------+-------+
[   14.467896] cloud-init[651]: ci-info: |   1   |  fe80::/64  |    ::   |   enp0s3  |   U   |
[   14.468660] cloud-init[651]: ci-info: |   3   |    local    |    ::   |   enp0s3  |   U   |
[   14.469450] cloud-init[651]: ci-info: |   4   |   ff00::/8  |    ::   |   enp0s3  |   U   |
[   14.470240] cloud-init[651]: ci-info: +-------+-------------+---------+-----------+-------+
[   15.050687] cloud-init[651]: Generating public/private rsa key pair.
[[   15.143123] cloud-init[651]: Your identification has been saved in /etc/ssh/ssh_host_rsa_key.
[   15.143589] cloud-init[651]: Your public key has been saved in /etc/ssh/ssh_host_rsa_key.pub.
[   15.145079] cloud-init[651]: The key fingerprint is:
[   15.145685] cloud-init[651]: SHA256:sbHiJQPfuyljOwK1yOY38UzXLRbfrMijnoUqNNp209o root@ubuntu-bionic
[   15.146321] cloud-init[651]: The key's randomart image is:
[   15.146981] cloud-init[651]: +---[RSA 2048]----+
[   15.148805] cloud-init[651]: |                 |
[   15.149697] cloud-init[651]: |                 |
[   15.150648] cloud-init[651]: |    .   o        |
[   15.151618] cloud-init[651]: |    .o . =.      |
[   15.153223] cloud-init[651]: | . o .= S. + o   |
[   15.154115] cloud-init[651]: |  = =..=.o+ o o  |
[0;32m  OK  [0m] Started Initial cloud-init job (metadata service crawler).
[   15.154584] cloud-init[651]: | o = *.ooo.o .   |
[[   15.230364] cloud-init[651]: |  o B Xo.=+ .    |
[   15.230821] cloud-init[651]: |   o *+OE. .     |
[   15.231702] cloud-init[651]: +----[SHA256]-----+
[   15.232653] cloud-init[651]: Generating public/private dsa key pair.
[   15.233047] cloud-init[651]: Your identification has been saved in /etc/ssh/ssh_host_dsa_key.
[   15.233449] cloud-init[651]: Your public key has been saved in /etc/ssh/ssh_host_dsa_key.pub.
[   15.233882] cloud-init[651]: The key fingerprint is:
[   15.234733] cloud-init[651]: SHA256:F+TKpVouzW0085JQcmS+wgoMSwPOoNZUycyRaKQRheI root@ubuntu-bionic
[   15.235162] cloud-init[651]: The key's randomart image is:
[   15.235600] cloud-init[651]: +---[DSA 1024]----+
[   15.236970] cloud-init[651]: |oo=+*o+   +      |
[   15.237369] cloud-init[651]: |*o=o *   *       |
[   15.237849] cloud-init[651]: |+==.    . B      |
[0;32m  OK  [0m] Reached target Cloud-config availability.
[   15.238466] cloud-init[651]: |.E =   o B o     |
[   15.275352] cloud-init[651]: |  . o   S *      |
[   15.275939] cloud-init[651]: |     . B * =     |
[   15.276736] cloud-init[651]: |      + + = .    |
[[0;32m  OK  [0m] Reached target System Initialization.
[   15.277415] cloud-init[651]: |       . . .     |
[[   15.296171] cloud-init[651]: |                 |
[   15.296339] cloud-init[651]: +----[SHA256]-----+
[   15.296887] cloud-init[651]: Generating public/private ecdsa key pair.
[   15.297384] cloud-init[651]: Your identification has been saved in /etc/ssh/ssh_host_ecdsa_key.
[   15.297904] cloud-init[651]: Your public key has been saved in /etc/ssh/ssh_host_ecdsa_key.pub.
[   15.298384] cloud-init[651]: The key fingerprint is:
[   15.298885] cloud-init[651]: SHA256:gCiOrGIncujBQtwgYwoHjmzHvnIRr1VTUHvGDzj5jOA root@ubuntu-bionic
[   15.299360] cloud-init[651]: The key's randomart image is:
[   15.299852] cloud-init[651]: +---[ECDSA 256]---+
[   15.300570] cloud-init[651]: |.      .oo       |
[0;32m  OK  [0m] Listening on ACPID Listen Socket.
[   15.300719] cloud-init[651]: |+... .  . =      |
[   15.320233] cloud-init[651]: |**o+. .+ = =     |
[   15.320373] cloud-init[651]: |@+= o o.o B o    |
[   15.320919] cloud-init[651]: |o= + o ES. o .   |
[   15.321380] cloud-init[651]: |+.  =            |
[[0;32m  OK  [0m] Started Message of the Day.
[   15.321628] cloud-init[651]: |**.=             |
[[0;32m  OK  [0m] Listening on D-Bus System Message Bus Socket.
[   15.377623] cloud-init[651]: |*.*              |
[   15.379324]          Starting LXD - unix socket.
[[0;32m  OK  [0m] Started Daily Cleanup of Temporary Directories.
[[0;32m  OK  [0m] Started ACPI Events Check.
[[0;32m  OK  [0m] Reached target Paths.
[[0;32m  OK  [0m] Listening on Open-iSCSI iscsid Socket.
[[0;32m  OK  [0m] Started Daily apt download activities.
[[0;32m  OK  [0m] Started Daily apt upgrade and clean activities.
         Starting Socket activation for snappy daemon.
cloud-init[651]: | .               |
[   15.386721] cloud-init[651]: +----[SHA256]-----+
[[0;32m  OK  [0m] Listening on UUID daemon activation socket.
[[0;32m  OK  [0m] Started Discard unused blocks once a week.
[[0;32m  OK  [0m] Reached target Timers.
[[0;32m  OK  [0m] Reached target Network is Online.
[   15.390386] [[0;32m  OK  [0m] Reached target Remote File Systems (Pre).
[[0;32m  OK  [0m] Reached target Remote File Systems.
cloud-init[651]: Generating public/private ed25519 key pair.
[   15.432193] cloud-init[651]: Your identification has been saved in /etc/ssh/ssh_host_ed25519_key.
[   15.434121] cloud-init[651]: Your public key has been saved in /etc/ssh/ssh_host_ed25519_key.pub.
         [   15.435716] cloud-init[651]: The key fingerprint is:
[   15.435951] cloud-init[651]: SHA256:AlOuL9NwJBqFYo0DMYjuE5nv/DFYA0Jl65B78xlabFQ root@ubuntu-bionic
[   15.436412] cloud-init[651]: The key's randomart image is:
[   15.436623] cloud-init[651]: +--[ED25519 256]--+
[   15.436827] cloud-init[651]: |Bo++. .E         |
[   15.437034] cloud-init[651]: |==+o.o.          |
[   15.437250] cloud-init[651]: |o==o+.o          |
[   15.437459] cloud-init[651]: | ==o+*           |
[   15.437675] cloud-init[651]: |..++oBo S        |
[   15.437883] cloud-init[651]: | o..O=+.         |
Starting Availability of block devices...
[   15.438134] cloud-init[651]: |  +oo=o          |
[[   15.451887] cloud-init[651]: |   o oo          |
[   15.452472] cloud-init[651]: |    ..           |
[   15.452570] cloud-init[651]: +----[SHA256]-----+
[0;32m  OK  [0m] Listening on LXD - unix socket.
[[0;32m  OK  [0m] Listening on Socket activation for snappy daemon.
[[0;32m  OK  [0m] Started Availability of block devices.
[[0;32m  OK  [0m] Reached target Sockets.
[[0;32m  OK  [0m] Reached target Basic System.
         Starting LSB: Record successful boot for GRUB...
[[0;32m  OK  [0m] Started Deferred execution scheduler.
[[0;32m  OK  [0m] Started Regular background program processing daemon.
         Starting Permit User Sessions...
         Starting Pollinate to seed the pseudo random number generator...
         Starting LSB: automatic crash report generation...
         Starting Virtualbox guest utils...
         Starting Dispatcher daemon for systemd-networkd...
[[0;32m  OK  [0m] Started irqbalance daemon.
         Starting System Logging Service...
         Starting Login Service...
[[0;32m  OK  [0m] Started FUSE filesystem for LXC.
         Starting Snappy daemon...
         Starting Accounts Service...
[[0;32m  OK  [0m] Started D-Bus System Message Bus.
[[0;32m  OK  [0m] Started Login Service.
[[0;32m  OK  [0m] Started Unattended Upgrades Shutdown.
         Starting LXD - container startup/shutdown...
[[0;32m  OK  [0m] Started System Logging Service.
[[0;32m  OK  [0m] Started Permit User Sessions.
         Starting Authorization Manager...
         Starting Terminate Plymouth Boot Screen...
         Starting Hold until boot process finishes up...
[[0;32m  OK  [0m] Started Dispatcher daemon for systemd-networkd.
[[0;32m  OK  [0m] Started Terminate Plymouth Boot Screen.
[[0;32m  OK  [0m] Started Hold until boot process finishes up.
         Starting Set console scheme...
[[0;32m  OK  [0m] Started Serial Getty on ttyS0.
[[0;32m  OK  [0m] Started LSB: automatic crash report generation.
[[0;32m  OK  [0m] Started Authorization Manager.
[[0;32m  OK  [0m] Started Accounts Service.
[[0;32m  OK  [0m] Started Set console scheme.
[[0;32m  OK  [0m] Created slice system-getty.slice.
[[0;32m  OK  [0m] Started Getty on tty1.
[[0;32m  OK  [0m] Reached target Login Prompts.
[[0;32m  OK  [0m] Started LSB: Record successful boot for GRUB.
[[0;32m  OK  [0m] Started LXD - container startup/shutdown.
[[0;32m  OK  [0m] Started Virtualbox guest utils.
[[0;32m  OK  [0m] Started Snappy daemon.
         Starting Wait until snapd is fully seeded...
[[0;32m  OK  [0m] Started Pollinate to seed the pseudo random number generator.
         Starting OpenBSD Secure Shell server...
[[0;32m  OK  [0m] Started OpenBSD Secure Shell server.
[[0;32m  OK  [0m] Created slice User Slice of vagrant.
         Starting User Manager for UID 1000...
[[0;32m  OK  [0m] Started Session 1 of user vagrant.
[[0;32m  OK  [0m] Started User Manager for UID 1000.

Ubuntu 18.04.2 LTS ubuntu-bionic ttyS0

ubuntu-bionic login: [   24.067416] cloud-init[1477]: Cloud-init v. 19.1-1-gbaa47854-0ubuntu1~18.04.1 running 'modules:config' at Wed, 12 Jun 2019 15:04:25 +0000. Up 23.73 seconds.
ci-info: no authorized ssh keys fingerprints found for user ubuntu.
<14>Jun 12 15:04:26 ec2: 
<14>Jun 12 15:04:26 ec2: #############################################################
<14>Jun 12 15:04:26 ec2: -----BEGIN SSH HOST KEY FINGERPRINTS-----
<14>Jun 12 15:04:26 ec2: 1024 SHA256:F+TKpVouzW0085JQcmS+wgoMSwPOoNZUycyRaKQRheI root@ubuntu-bionic (DSA)
<14>Jun 12 15:04:26 ec2: 256 SHA256:gCiOrGIncujBQtwgYwoHjmzHvnIRr1VTUHvGDzj5jOA root@ubuntu-bionic (ECDSA)
<14>Jun 12 15:04:26 ec2: 256 SHA256:AlOuL9NwJBqFYo0DMYjuE5nv/DFYA0Jl65B78xlabFQ root@ubuntu-bionic (ED25519)
<14>Jun 12 15:04:26 ec2: 2048 SHA256:sbHiJQPfuyljOwK1yOY38UzXLRbfrMijnoUqNNp209o root@ubuntu-bionic (RSA)
<14>Jun 12 15:04:26 ec2: -----END SSH HOST KEY FINGERPRINTS-----
<14>Jun 12 15:04:26 ec2: #############################################################
-----BEGIN SSH HOST KEY KEYS-----
ecdsa-sha2-nistp256 AAAAE2VjZHNhLXNoYTItbmlzdHAyNTYAAAAIbmlzdHAyNTYAAABBBArCrGGd57NaFX4Dw4kLN91aZ7QLT3AVCVTsykCCZWoDf4FJ+hfrZJsvFqc+6DIdI0lZ3GUNeW8Mad3DoPXQjEU= root@ubuntu-bionic
ssh-ed25519 AAAAC3NzaC1lZDI1NTE5AAAAIHKNWWZPSKuIOdolAPrVHJujpPeeVNDJi03m92wVQbuq root@ubuntu-bionic
ssh-rsa AAAAB3NzaC1yc2EAAAADAQABAAABAQC+H4XYvxfGbbJrAzaL7Zkp40l6O6ZO1CgjUGHdk6lWsFAAPPlxpKid1gqcKoVpxPZXcHSov5evhcE0ygxhT9D3AmSRQf4tpoxxksJooLMoMQ8Oobj7Pw+d9FdKXyOOEMdoTNKYyVtMMuVUvr8Oq4NFERPiFpJA6sAvHU0Ij4QDD+L75wzQjE+dBH/cmdnh5KEZ32AYDnik/QKZTYwPWvq0/qFEDo96ucxFt8zy8GpHr3GmCUrRlveubX9fQqU/s3qWXknrB5rJ9PjXgsSiNvKbUh39p69z6J/Gyx0/XNlX5Gr4bqwNWOs9lAVQjhN1gKlzbjXwzUtRxJBht+vjeUqp root@ubuntu-bionic
-----END SSH HOST KEY KEYS-----
[   24.521520] cloud-init[1543]: Cloud-init v. 19.1-1-gbaa47854-0ubuntu1~18.04.1 running 'modules:final' at Wed, 12 Jun 2019 15:04:26 +0000. Up 24.41 seconds.
[   24.521598] cloud-init[1543]: ci-info: no authorized ssh keys fingerprints found for user ubuntu.
[   24.521645] cloud-init[1543]: Cloud-init v. 19.1-1-gbaa47854-0ubuntu1~18.04.1 finished at Wed, 12 Jun 2019 15:04:26 +0000. Datasource DataSourceNoCloud [seed=/dev/sdb][dsmode=net].  Up 24.51 seconds
